nohup: ignoring input
checkpoint20.0
contrast
train0
LabelSmoothingLoss
smoothing:  0.08
max_epoch:  66
LossWeight:  tensor([0.4000, 1.0000, 0.4000, 0.3000, 0.3500, 0.3500, 0.5000],
       device='cuda:0')
lr:  0.01
weight_decay:  0.0001
epoch:  1
lr: 0.01
1
[1,   200] loss: 1.858
[1,   400] loss: 1.683
Accuracy on train set: 32 %
epoch:  2
lr: 0.01
2
[2,   200] loss: 1.521
[2,   400] loss: 1.442
Accuracy on train set: 48 %
epoch:  3
lr: 0.01
3
[3,   200] loss: 1.378
[3,   400] loss: 1.348
Accuracy on train set: 54 %
epoch:  4
lr: 0.01
4
[4,   200] loss: 1.322
[4,   400] loss: 1.291
Accuracy on train set: 57 %
epoch:  5
lr: 0.01
5
[5,   200] loss: 1.257
[5,   400] loss: 1.261
Accuracy on train set: 59 %
epoch:  6
lr: 0.01
6
[6,   200] loss: 1.228
[6,   400] loss: 1.228
Accuracy on train set: 61 %
epoch:  7
lr: 0.01
7
[7,   200] loss: 1.207
[7,   400] loss: 1.210
Accuracy on train set: 62 %
epoch:  8
lr: 0.01
8
[8,   200] loss: 1.184
[8,   400] loss: 1.182
Accuracy on train set: 63 %
epoch:  9
lr: 0.01
9
[9,   200] loss: 1.162
[9,   400] loss: 1.160
Accuracy on train set: 64 %
epoch:  10
lr: 0.004
10
[10,   200] loss: 1.096
[10,   400] loss: 1.089
Accuracy on train set: 67 %
epoch:  11
lr: 0.004
11
[11,   200] loss: 1.071
[11,   400] loss: 1.064
Accuracy on train set: 69 %
epoch:  12
lr: 0.004
12
[12,   200] loss: 1.053
[12,   400] loss: 1.049
Accuracy on train set: 70 %
epoch:  13
lr: 0.004
13
[13,   200] loss: 1.030
[13,   400] loss: 1.054
Accuracy on train set: 70 %
epoch:  14
lr: 0.004
14
[14,   200] loss: 1.017
[14,   400] loss: 1.037
Accuracy on train set: 71 %
epoch:  15
lr: 0.004
15
[15,   200] loss: 1.011
[15,   400] loss: 1.020
Accuracy on train set: 71 %
epoch:  16
lr: 0.004
16
[16,   200] loss: 1.000
[16,   400] loss: 1.021
Accuracy on train set: 72 %
epoch:  17
lr: 0.004
17
[17,   200] loss: 0.994
[17,   400] loss: 1.003
Accuracy on train set: 72 %
epoch:  18
lr: 0.004
18
[18,   200] loss: 0.979
[18,   400] loss: 0.980
Accuracy on train set: 73 %
epoch:  19
lr: 0.0016
19
[19,   200] loss: 0.922
[19,   400] loss: 0.916
Accuracy on train set: 76 %
epoch:  20
lr: 0.0016
20
[20,   200] loss: 0.887
[20,   400] loss: 0.898
Accuracy on train set: 78 %
epoch:  21
lr: 0.0016
21
[21,   200] loss: 0.880
[21,   400] loss: 0.882
Accuracy on train set: 78 %
epoch:  22
lr: 0.0016
22
[22,   200] loss: 0.869
[22,   400] loss: 0.874
Accuracy on train set: 79 %
epoch:  23
lr: 0.0016
23
[23,   200] loss: 0.849
[23,   400] loss: 0.870
Accuracy on train set: 80 %
epoch:  24
lr: 0.0016
24
[24,   200] loss: 0.840
[24,   400] loss: 0.850
Accuracy on train set: 80 %
epoch:  25
lr: 0.0016
25
[25,   200] loss: 0.832
[25,   400] loss: 0.840
Accuracy on train set: 80 %
epoch:  26
lr: 0.0016
26
[26,   200] loss: 0.826
[26,   400] loss: 0.829
Accuracy on train set: 81 %
epoch:  27
lr: 0.0016
27
[27,   200] loss: 0.808
[27,   400] loss: 0.825
Accuracy on train set: 82 %
epoch:  28
lr: 0.00064
28
[28,   200] loss: 0.764
[28,   400] loss: 0.751
Accuracy on train set: 85 %
epoch:  29
lr: 0.00064
29
[29,   200] loss: 0.744
[29,   400] loss: 0.737
Accuracy on train set: 86 %
epoch:  30
lr: 0.00064
30
[30,   200] loss: 0.722
[30,   400] loss: 0.735
Accuracy on train set: 86 %
epoch:  31
lr: 0.00064
31
[31,   200] loss: 0.711
[31,   400] loss: 0.714
Accuracy on train set: 87 %
epoch:  32
lr: 0.00064
32
[32,   200] loss: 0.707
[32,   400] loss: 0.715
Accuracy on train set: 87 %
epoch:  33
lr: 0.00064
33
[33,   200] loss: 0.700
[33,   400] loss: 0.702
Accuracy on train set: 88 %
epoch:  34
lr: 0.00064
34
[34,   200] loss: 0.685
[34,   400] loss: 0.697
Accuracy on train set: 88 %
epoch:  35
lr: 0.00064
35
[35,   200] loss: 0.684
[35,   400] loss: 0.688
Accuracy on train set: 88 %
epoch:  36
lr: 0.00064
36
[36,   200] loss: 0.672
[36,   400] loss: 0.677
Accuracy on train set: 89 %
epoch:  37
lr: 0.00025600000000000004
37
[37,   200] loss: 0.647
[37,   400] loss: 0.641
Accuracy on train set: 90 %
epoch:  38
lr: 0.00025600000000000004
38
[38,   200] loss: 0.631
[38,   400] loss: 0.631
Accuracy on train set: 91 %
epoch:  39
lr: 0.00025600000000000004
39
[39,   200] loss: 0.626
[39,   400] loss: 0.626
Accuracy on train set: 91 %
epoch:  40
lr: 0.00025600000000000004
40
[40,   200] loss: 0.624
[40,   400] loss: 0.623
Accuracy on train set: 92 %
epoch:  41
lr: 0.00025600000000000004
41
[41,   200] loss: 0.607
[41,   400] loss: 0.626
Accuracy on train set: 92 %
epoch:  42
lr: 0.00025600000000000004
42
[42,   200] loss: 0.609
[42,   400] loss: 0.609
Accuracy on train set: 92 %
epoch:  43
lr: 0.00025600000000000004
43
[43,   200] loss: 0.605
[43,   400] loss: 0.607
Accuracy on train set: 92 %
epoch:  44
lr: 0.00025600000000000004
44
[44,   200] loss: 0.601
[44,   400] loss: 0.607
Accuracy on train set: 92 %
epoch:  45
lr: 0.00025600000000000004
45
[45,   200] loss: 0.596
[45,   400] loss: 0.599
Accuracy on train set: 93 %
epoch:  46
lr: 0.00010240000000000002
46
[46,   200] loss: 0.583
[46,   400] loss: 0.584
Accuracy on train set: 94 %
epoch:  47
lr: 0.00010240000000000002
47
[47,   200] loss: 0.581
[47,   400] loss: 0.586
Accuracy on train set: 94 %
epoch:  48
lr: 0.00010240000000000002
48
[48,   200] loss: 0.583
[48,   400] loss: 0.581
Accuracy on train set: 94 %
epoch:  49
lr: 0.00010240000000000002
49
[49,   200] loss: 0.573
[49,   400] loss: 0.582
Accuracy on train set: 94 %
epoch:  50
lr: 0.00010240000000000002
50
[50,   200] loss: 0.576
[50,   400] loss: 0.582
Accuracy on train set: 94 %
epoch:  51
lr: 0.00010240000000000002
51
[51,   200] loss: 0.575
[51,   400] loss: 0.575
Accuracy on train set: 94 %
epoch:  52
lr: 0.00010240000000000002
52
[52,   200] loss: 0.571
[52,   400] loss: 0.573
Accuracy on train set: 94 %
epoch:  53
lr: 0.00010240000000000002
53
[53,   200] loss: 0.569
[53,   400] loss: 0.570
Accuracy on train set: 94 %
epoch:  54
lr: 0.00010240000000000002
54
[54,   200] loss: 0.565
[54,   400] loss: 0.568
Accuracy on train set: 94 %
epoch:  55
lr: 4.0960000000000014e-05
55
[55,   200] loss: 0.557
[55,   400] loss: 0.565
Accuracy on train set: 95 %
epoch:  56
lr: 4.0960000000000014e-05
56
[56,   200] loss: 0.563
[56,   400] loss: 0.564
Accuracy on train set: 95 %
epoch:  57
lr: 4.0960000000000014e-05
57
[57,   200] loss: 0.559
[57,   400] loss: 0.562
Accuracy on train set: 95 %
epoch:  58
lr: 4.0960000000000014e-05
58
[58,   200] loss: 0.559
[58,   400] loss: 0.561
Accuracy on train set: 95 %
epoch:  59
lr: 4.0960000000000014e-05
59
[59,   200] loss: 0.558
[59,   400] loss: 0.555
Accuracy on train set: 95 %
epoch:  60
lr: 4.0960000000000014e-05
60
[60,   200] loss: 0.561
[60,   400] loss: 0.563
Accuracy on train set: 95 %
epoch:  61
lr: 4.0960000000000014e-05
61
[61,   200] loss: 0.559
[61,   400] loss: 0.559
Accuracy on train set: 95 %
epoch:  62
lr: 4.0960000000000014e-05
62
[62,   200] loss: 0.559
[62,   400] loss: 0.554
Accuracy on train set: 95 %
epoch:  63
lr: 4.0960000000000014e-05
63
[63,   200] loss: 0.555
[63,   400] loss: 0.558
Accuracy on train set: 95 %
epoch:  64
lr: 1.6384000000000008e-05
64
[64,   200] loss: 0.551
[64,   400] loss: 0.556
Accuracy on train set: 95 %
epoch:  65
lr: 1.6384000000000008e-05
65
[65,   200] loss: 0.553
[65,   400] loss: 0.555
Accuracy on train set: 95 %
