nohup: ignoring input
checkpoint17.0
contrast
train0
LabelSmoothingLoss
smoothing:  0.05
max_epoch:  60
LossWeight:  tensor([0.4000, 1.0000, 0.4000, 0.3000, 0.3500, 0.3500, 0.5000],
       device='cuda:0')
lr:  0.01
weight_decay:  0.0001
epoch:  1
lr: 0.01
1
[1,   200] loss: 1.842
[1,   400] loss: 1.639
Accuracy on train set: 32 %
epoch:  2
lr: 0.01
2
[2,   200] loss: 1.475
[2,   400] loss: 1.398
Accuracy on train set: 48 %
epoch:  3
lr: 0.01
3
[3,   200] loss: 1.319
[3,   400] loss: 1.289
Accuracy on train set: 54 %
epoch:  4
lr: 0.01
4
[4,   200] loss: 1.259
[4,   400] loss: 1.228
Accuracy on train set: 57 %
epoch:  5
lr: 0.01
5
[5,   200] loss: 1.206
[5,   400] loss: 1.188
Accuracy on train set: 59 %
epoch:  6
lr: 0.01
6
[6,   200] loss: 1.183
[6,   400] loss: 1.152
Accuracy on train set: 61 %
epoch:  7
lr: 0.01
7
[7,   200] loss: 1.135
[7,   400] loss: 1.136
Accuracy on train set: 62 %
epoch:  8
lr: 0.01
8
[8,   200] loss: 1.107
[8,   400] loss: 1.118
Accuracy on train set: 63 %
epoch:  9
lr: 0.01
9
[9,   200] loss: 1.086
[9,   400] loss: 1.085
Accuracy on train set: 64 %
epoch:  10
lr: 0.004
10
[10,   200] loss: 1.016
[10,   400] loss: 1.010
Accuracy on train set: 67 %
epoch:  11
lr: 0.004
11
[11,   200] loss: 0.983
[11,   400] loss: 0.998
Accuracy on train set: 69 %
epoch:  12
lr: 0.004
12
[12,   200] loss: 0.972
[12,   400] loss: 0.976
Accuracy on train set: 69 %
epoch:  13
lr: 0.004
13
[13,   200] loss: 0.954
[13,   400] loss: 0.963
Accuracy on train set: 70 %
epoch:  14
lr: 0.004
14
[14,   200] loss: 0.949
[14,   400] loss: 0.947
Accuracy on train set: 71 %
epoch:  15
lr: 0.004
15
[15,   200] loss: 0.933
[15,   400] loss: 0.941
Accuracy on train set: 72 %
epoch:  16
lr: 0.004
16
[16,   200] loss: 0.909
[16,   400] loss: 0.930
Accuracy on train set: 72 %
epoch:  17
lr: 0.004
17
[17,   200] loss: 0.906
[17,   400] loss: 0.915
Accuracy on train set: 72 %
epoch:  18
lr: 0.004
18
[18,   200] loss: 0.895
[18,   400] loss: 0.906
Accuracy on train set: 73 %
epoch:  19
lr: 0.0016
19
[19,   200] loss: 0.822
[19,   400] loss: 0.834
Accuracy on train set: 76 %
epoch:  20
lr: 0.0016
20
[20,   200] loss: 0.797
[20,   400] loss: 0.809
Accuracy on train set: 77 %
epoch:  21
lr: 0.0016
21
[21,   200] loss: 0.781
[21,   400] loss: 0.788
Accuracy on train set: 78 %
epoch:  22
lr: 0.0016
22
[22,   200] loss: 0.775
[22,   400] loss: 0.789
Accuracy on train set: 79 %
epoch:  23
lr: 0.0016
23
[23,   200] loss: 0.755
[23,   400] loss: 0.767
Accuracy on train set: 79 %
epoch:  24
lr: 0.0016
24
[24,   200] loss: 0.744
[24,   400] loss: 0.751
Accuracy on train set: 80 %
epoch:  25
lr: 0.0016
25
[25,   200] loss: 0.739
[25,   400] loss: 0.751
Accuracy on train set: 80 %
epoch:  26
lr: 0.0016
26
[26,   200] loss: 0.726
[26,   400] loss: 0.733
Accuracy on train set: 81 %
epoch:  27
lr: 0.0016
27
[27,   200] loss: 0.721
[27,   400] loss: 0.723
Accuracy on train set: 81 %
epoch:  28
lr: 0.00064
28
[28,   200] loss: 0.663
[28,   400] loss: 0.658
Accuracy on train set: 85 %
epoch:  29
lr: 0.00064
29
[29,   200] loss: 0.633
[29,   400] loss: 0.638
Accuracy on train set: 85 %
epoch:  30
lr: 0.00064
30
[30,   200] loss: 0.617
[30,   400] loss: 0.630
Accuracy on train set: 86 %
epoch:  31
lr: 0.00064
31
[31,   200] loss: 0.606
[31,   400] loss: 0.609
Accuracy on train set: 87 %
epoch:  32
lr: 0.00064
32
[32,   200] loss: 0.595
[32,   400] loss: 0.602
Accuracy on train set: 87 %
epoch:  33
lr: 0.00064
33
[33,   200] loss: 0.592
[33,   400] loss: 0.597
Accuracy on train set: 87 %
epoch:  34
lr: 0.00064
34
[34,   200] loss: 0.586
[34,   400] loss: 0.585
Accuracy on train set: 88 %
epoch:  35
lr: 0.00064
35
[35,   200] loss: 0.574
[35,   400] loss: 0.585
Accuracy on train set: 88 %
epoch:  36
lr: 0.00064
36
[36,   200] loss: 0.559
[36,   400] loss: 0.566
Accuracy on train set: 88 %
epoch:  37
lr: 0.00025600000000000004
37
[37,   200] loss: 0.535
[37,   400] loss: 0.525
Accuracy on train set: 90 %
epoch:  38
lr: 0.00025600000000000004
38
[38,   200] loss: 0.513
[38,   400] loss: 0.524
Accuracy on train set: 91 %
epoch:  39
lr: 0.00025600000000000004
39
[39,   200] loss: 0.513
[39,   400] loss: 0.509
Accuracy on train set: 91 %
epoch:  40
lr: 0.00025600000000000004
40
[40,   200] loss: 0.503
[40,   400] loss: 0.505
Accuracy on train set: 92 %
epoch:  41
lr: 0.00025600000000000004
41
[41,   200] loss: 0.493
[41,   400] loss: 0.499
Accuracy on train set: 92 %
epoch:  42
lr: 0.00025600000000000004
42
[42,   200] loss: 0.492
[42,   400] loss: 0.491
Accuracy on train set: 92 %
epoch:  43
lr: 0.00025600000000000004
43
[43,   200] loss: 0.492
[43,   400] loss: 0.491
Accuracy on train set: 92 %
epoch:  44
lr: 0.00025600000000000004
44
[44,   200] loss: 0.479
[44,   400] loss: 0.480
Accuracy on train set: 93 %
epoch:  45
lr: 0.00025600000000000004
45
[45,   200] loss: 0.476
[45,   400] loss: 0.488
Accuracy on train set: 92 %
epoch:  46
lr: 0.00010240000000000002
46
[46,   200] loss: 0.460
[46,   400] loss: 0.461
Accuracy on train set: 94 %
epoch:  47
lr: 0.00010240000000000002
47
[47,   200] loss: 0.462
[47,   400] loss: 0.456
Accuracy on train set: 94 %
epoch:  48
lr: 0.00010240000000000002
48
[48,   200] loss: 0.459
[48,   400] loss: 0.455
Accuracy on train set: 94 %
epoch:  49
lr: 0.00010240000000000002
49
[49,   200] loss: 0.452
[49,   400] loss: 0.454
Accuracy on train set: 94 %
epoch:  50
lr: 0.00010240000000000002
50
[50,   200] loss: 0.448
[50,   400] loss: 0.453
Accuracy on train set: 94 %
epoch:  51
lr: 0.00010240000000000002
51
[51,   200] loss: 0.446
[51,   400] loss: 0.446
Accuracy on train set: 94 %
epoch:  52
lr: 0.00010240000000000002
52
[52,   200] loss: 0.449
[52,   400] loss: 0.445
Accuracy on train set: 94 %
epoch:  53
lr: 0.00010240000000000002
53
[53,   200] loss: 0.442
[53,   400] loss: 0.455
Accuracy on train set: 94 %
epoch:  54
lr: 0.00010240000000000002
54
[54,   200] loss: 0.445
[54,   400] loss: 0.442
Accuracy on train set: 94 %
epoch:  55
lr: 4.0960000000000014e-05
55
[55,   200] loss: 0.438
[55,   400] loss: 0.437
Accuracy on train set: 94 %
epoch:  56
lr: 4.0960000000000014e-05
56
[56,   200] loss: 0.429
[56,   400] loss: 0.436
Accuracy on train set: 95 %
epoch:  57
lr: 4.0960000000000014e-05
57
[57,   200] loss: 0.435
[57,   400] loss: 0.435
Accuracy on train set: 95 %
epoch:  58
lr: 4.0960000000000014e-05
58
[58,   200] loss: 0.436
[58,   400] loss: 0.426
Accuracy on train set: 95 %
epoch:  59
lr: 4.0960000000000014e-05
59
[59,   200] loss: 0.430
[59,   400] loss: 0.429
Accuracy on train set: 95 %
