nohup: ignoring input
checkpoint19.0
contrast
train0
LabelSmoothingLoss
smoothing:  0.08
max_epoch:  51
LossWeight:  tensor([0.4000, 1.0000, 0.4000, 0.3000, 0.3500, 0.3500, 0.5000],
       device='cuda:0')
lr:  0.01
weight_decay:  0.0001
epoch:  1
lr: 0.01
1
[1,   200] loss: 1.876
[1,   400] loss: 1.773
Accuracy on train set: 27 %
epoch:  2
lr: 0.01
2
[2,   200] loss: 1.642
[2,   400] loss: 1.550
Accuracy on train set: 41 %
epoch:  3
lr: 0.01
3
[3,   200] loss: 1.482
[3,   400] loss: 1.437
Accuracy on train set: 49 %
epoch:  4
lr: 0.01
4
[4,   200] loss: 1.385
[4,   400] loss: 1.344
Accuracy on train set: 54 %
epoch:  5
lr: 0.01
5
[5,   200] loss: 1.315
[5,   400] loss: 1.301
Accuracy on train set: 56 %
epoch:  6
lr: 0.01
6
[6,   200] loss: 1.269
[6,   400] loss: 1.260
Accuracy on train set: 59 %
epoch:  7
lr: 0.01
7
[7,   200] loss: 1.233
[7,   400] loss: 1.236
Accuracy on train set: 60 %
epoch:  8
lr: 0.01
8
[8,   200] loss: 1.209
[8,   400] loss: 1.205
Accuracy on train set: 62 %
epoch:  9
lr: 0.004
9
[9,   200] loss: 1.138
[9,   400] loss: 1.137
Accuracy on train set: 65 %
epoch:  10
lr: 0.004
10
[10,   200] loss: 1.119
[10,   400] loss: 1.119
Accuracy on train set: 66 %
epoch:  11
lr: 0.004
11
[11,   200] loss: 1.105
[11,   400] loss: 1.102
Accuracy on train set: 67 %
epoch:  12
lr: 0.004
12
[12,   200] loss: 1.093
[12,   400] loss: 1.086
Accuracy on train set: 67 %
epoch:  13
lr: 0.004
13
[13,   200] loss: 1.074
[13,   400] loss: 1.073
Accuracy on train set: 68 %
epoch:  14
lr: 0.004
14
[14,   200] loss: 1.068
[14,   400] loss: 1.064
Accuracy on train set: 69 %
epoch:  15
lr: 0.004
15
[15,   200] loss: 1.045
[15,   400] loss: 1.053
Accuracy on train set: 70 %
epoch:  16
lr: 0.004
16
[16,   200] loss: 1.038
[16,   400] loss: 1.047
Accuracy on train set: 70 %
epoch:  17
lr: 0.0016
17
[17,   200] loss: 0.977
[17,   400] loss: 0.974
Accuracy on train set: 74 %
epoch:  18
lr: 0.0016
18
[18,   200] loss: 0.952
[18,   400] loss: 0.955
Accuracy on train set: 74 %
epoch:  19
lr: 0.0016
19
[19,   200] loss: 0.944
[19,   400] loss: 0.949
Accuracy on train set: 75 %
epoch:  20
lr: 0.0016
20
[20,   200] loss: 0.928
[20,   400] loss: 0.936
Accuracy on train set: 76 %
epoch:  21
lr: 0.0016
21
[21,   200] loss: 0.905
[21,   400] loss: 0.930
Accuracy on train set: 76 %
epoch:  22
lr: 0.0016
22
[22,   200] loss: 0.901
[22,   400] loss: 0.910
Accuracy on train set: 77 %
epoch:  23
lr: 0.0016
23
[23,   200] loss: 0.896
[23,   400] loss: 0.900
Accuracy on train set: 77 %
epoch:  24
lr: 0.0016
24
[24,   200] loss: 0.885
[24,   400] loss: 0.892
Accuracy on train set: 78 %
epoch:  25
lr: 0.00064
25
[25,   200] loss: 0.838
[25,   400] loss: 0.822
Accuracy on train set: 81 %
epoch:  26
lr: 0.00064
26
[26,   200] loss: 0.809
[26,   400] loss: 0.814
Accuracy on train set: 82 %
epoch:  27
lr: 0.00064
27
[27,   200] loss: 0.796
[27,   400] loss: 0.798
Accuracy on train set: 83 %
epoch:  28
lr: 0.00064
28
[28,   200] loss: 0.780
[28,   400] loss: 0.790
Accuracy on train set: 83 %
epoch:  29
lr: 0.00064
29
[29,   200] loss: 0.778
[29,   400] loss: 0.782
Accuracy on train set: 84 %
epoch:  30
lr: 0.00064
30
[30,   200] loss: 0.760
[30,   400] loss: 0.763
Accuracy on train set: 84 %
epoch:  31
lr: 0.00064
31
[31,   200] loss: 0.751
[31,   400] loss: 0.772
Accuracy on train set: 85 %
epoch:  32
lr: 0.00064
32
[32,   200] loss: 0.752
[32,   400] loss: 0.753
Accuracy on train set: 85 %
epoch:  33
lr: 0.00025600000000000004
33
[33,   200] loss: 0.718
[33,   400] loss: 0.710
Accuracy on train set: 87 %
epoch:  34
lr: 0.00025600000000000004
34
[34,   200] loss: 0.698
[34,   400] loss: 0.700
Accuracy on train set: 88 %
epoch:  35
lr: 0.00025600000000000004
35
[35,   200] loss: 0.687
[35,   400] loss: 0.699
Accuracy on train set: 88 %
epoch:  36
lr: 0.00025600000000000004
36
[36,   200] loss: 0.693
[36,   400] loss: 0.700
Accuracy on train set: 88 %
epoch:  37
lr: 0.00025600000000000004
37
[37,   200] loss: 0.680
[37,   400] loss: 0.682
Accuracy on train set: 89 %
epoch:  38
lr: 0.00025600000000000004
38
[38,   200] loss: 0.670
[38,   400] loss: 0.683
Accuracy on train set: 89 %
epoch:  39
lr: 0.00025600000000000004
39
[39,   200] loss: 0.665
[39,   400] loss: 0.675
Accuracy on train set: 89 %
epoch:  40
lr: 0.00025600000000000004
40
[40,   200] loss: 0.664
[40,   400] loss: 0.661
Accuracy on train set: 90 %
epoch:  41
lr: 0.00010240000000000002
41
[41,   200] loss: 0.649
[41,   400] loss: 0.648
Accuracy on train set: 90 %
epoch:  42
lr: 0.00010240000000000002
42
[42,   200] loss: 0.638
[42,   400] loss: 0.643
Accuracy on train set: 91 %
epoch:  43
lr: 0.00010240000000000002
43
[43,   200] loss: 0.635
[43,   400] loss: 0.641
Accuracy on train set: 91 %
epoch:  44
lr: 0.00010240000000000002
44
[44,   200] loss: 0.631
[44,   400] loss: 0.636
Accuracy on train set: 91 %
epoch:  45
lr: 0.00010240000000000002
45
[45,   200] loss: 0.631
[45,   400] loss: 0.633
Accuracy on train set: 91 %
epoch:  46
lr: 0.00010240000000000002
46
[46,   200] loss: 0.623
[46,   400] loss: 0.627
Accuracy on train set: 92 %
epoch:  47
lr: 0.00010240000000000002
47
[47,   200] loss: 0.627
[47,   400] loss: 0.627
Accuracy on train set: 91 %
epoch:  48
lr: 0.00010240000000000002
48
[48,   200] loss: 0.619
[48,   400] loss: 0.620
Accuracy on train set: 92 %
epoch:  49
lr: 4.0960000000000014e-05
49
[49,   200] loss: 0.611
[49,   400] loss: 0.615
Accuracy on train set: 92 %
epoch:  50
lr: 4.0960000000000014e-05
50
[50,   200] loss: 0.617
[50,   400] loss: 0.613
Accuracy on train set: 92 %
